<?xml version="1.0" encoding="UTF-8"?>
<testng-results ignored="0" total="1" passed="1" failed="0" skipped="0">
  <reporter-output>
  </reporter-output>
  <suite started-at="2026-03-26T11:02:32 IST" name="Default suite" finished-at="2026-03-26T11:02:36 IST" duration-ms="4283">
    <groups>
    </groups>
    <test started-at="2026-03-26T11:02:32 IST" name="Default test" finished-at="2026-03-26T11:02:36 IST" duration-ms="4283">
      <class name="restAssuredTest.Demo2_PostRequest">
        <test-method is-config="true" signature="postData()[pri:0, instance:restAssuredTest.Demo2_PostRequest@22555ebf]" started-at="2026-03-26T11:02:32 IST" name="postData" finished-at="2026-03-26T11:02:32 IST" duration-ms="502" status="PASS">
          <reporter-output>
          </reporter-output>
        </test-method> <!-- postData -->
        <test-method signature="testData()[pri:0, instance:restAssuredTest.Demo2_PostRequest@22555ebf]" started-at="2026-03-26T11:02:32 IST" name="testData" finished-at="2026-03-26T11:02:36 IST" duration-ms="3729" status="PASS">
          <reporter-output>
          </reporter-output>
        </test-method> <!-- testData -->
      </class> <!-- restAssuredTest.Demo2_PostRequest -->
    </test> <!-- Default test -->
  </suite> <!-- Default suite -->
</testng-results>
