<?xml version="1.0" encoding="UTF-8"?>
<!-- Generated by org.testng.reporters.JUnitReportReporter -->
<testsuite hostname="DESKTOP-362CTOA" failures="0" tests="4" name="restAssuredTest.CrudApiTests" time="4.651" errors="0" timestamp="2026-02-04T17:41:36 IST" skipped="0">
  <testcase classname="restAssuredTest.CrudApiTests" name="testCreateUser" time="3.332"/>
  <testcase classname="restAssuredTest.CrudApiTests" name="testDeleteUser" time="0.560"/>
  <testcase classname="restAssuredTest.CrudApiTests" name="testGetUser" time="0.243"/>
  <testcase classname="restAssuredTest.CrudApiTests" name="testUpdateUser" time="0.516"/>
</testsuite> <!-- restAssuredTest.CrudApiTests -->
