<?xml version="1.0" encoding="UTF-8"?>
<!-- Generated by org.testng.reporters.JUnitReportReporter -->
<testsuite hostname="DESKTOP-362CTOA" failures="0" tests="3" name="restAssuredTest.RedirectTest" time="7.624" errors="0" timestamp="2026-02-04T18:45:17 IST" skipped="0">
  <testcase classname="restAssuredTest.RedirectTest" name="testRedirect302" time="1.512"/>
  <testcase classname="restAssuredTest.RedirectTest" name="testRedirect301" time="4.056"/>
  <testcase classname="restAssuredTest.RedirectTest" name="testRedirect307" time="2.056"/>
</testsuite> <!-- restAssuredTest.RedirectTest -->
